\BOOKMARK [1][-]{section.1}{\376\377\000I\000n\000t\000r\000o\000d\000u\000c\000t\000i\000o\000n}{}% 1
\BOOKMARK [2][-]{subsection.1.1}{\376\377\000B\000a\000c\000k\000g\000r\000o\000u\000n\000d}{section.1}% 2
\BOOKMARK [2][-]{subsection.1.2}{\376\377\000M\000o\000t\000i\000v\000a\000t\000i\000o\000n}{section.1}% 3
\BOOKMARK [3][-]{subsubsection.1.2.1}{\376\377\000A\000c\000a\000d\000e\000m\000i\000c}{subsection.1.2}% 4
\BOOKMARK [3][-]{subsubsection.1.2.2}{\376\377\000B\000u\000s\000i\000n\000e\000s\000s}{subsection.1.2}% 5
\BOOKMARK [2][-]{subsection.1.3}{\376\377\000P\000r\000o\000b\000l\000e\000m\000\040\000S\000t\000a\000t\000e\000m\000e\000n\000t}{section.1}% 6
\BOOKMARK [1][-]{section.2}{\376\377\000P\000r\000o\000j\000e\000c\000t\000\040\000D\000e\000s\000c\000r\000i\000p\000t\000i\000o\000n}{}% 7
\BOOKMARK [2][-]{subsection.2.1}{\376\377\000O\000b\000j\000e\000c\000t\000i\000v\000e\000s}{section.2}% 8
\BOOKMARK [2][-]{subsection.2.2}{\376\377\000S\000c\000o\000p\000e}{section.2}% 9
\BOOKMARK [2][-]{subsection.2.3}{\376\377\000P\000r\000o\000j\000e\000c\000t\000\040\000O\000v\000e\000r\000v\000i\000e\000w}{section.2}% 10
\BOOKMARK [3][-]{subsubsection.2.3.1}{\376\377\000T\000e\000m\000p\000e\000r\000a\000t\000u\000r\000e\000\040\000a\000n\000d\000\040\000H\000u\000m\000i\000d\000i\000t\000y\000\040\000M\000o\000n\000i\000t\000o\000r\000i\000n\000g\000\040\000a\000n\000d\000\040\000C\000o\000n\000t\000r\000o\000l}{subsection.2.3}% 11
\BOOKMARK [3][-]{subsubsection.2.3.2}{\376\377\000H\000o\000n\000e\000y\000\040\000Y\000i\000e\000l\000d\000\040\000T\000r\000a\000c\000k\000i\000n\000g}{subsection.2.3}% 12
\BOOKMARK [3][-]{subsubsection.2.3.3}{\376\377\000B\000e\000e\000\040\000P\000o\000p\000u\000l\000a\000t\000i\000o\000n\000\040\000M\000o\000n\000i\000t\000o\000r\000i\000n\000g\000\040\000a\000n\000d\000\040\000B\000e\000h\000a\000v\000i\000o\000r\000a\000l\000\040\000A\000n\000a\000l\000y\000s\000i\000s}{subsection.2.3}% 13
\BOOKMARK [3][-]{subsubsection.2.3.4}{\376\377\000T\000h\000r\000e\000a\000t\000\040\000D\000e\000t\000e\000c\000t\000i\000o\000n\000\040\000a\000n\000d\000\040\000M\000i\000t\000i\000g\000a\000t\000i\000o\000n}{subsection.2.3}% 14
\BOOKMARK [2][-]{subsection.2.4}{\376\377\000S\000t\000a\000k\000e\000h\000o\000l\000d\000e\000r}{section.2}% 15
\BOOKMARK [3][-]{subsubsection.2.4.1}{\376\377\000I\000n\000t\000e\000r\000n\000a\000l}{subsection.2.4}% 16
\BOOKMARK [3][-]{subsubsection.2.4.2}{\376\377\000E\000x\000t\000e\000r\000n\000a\000l}{subsection.2.4}% 17
\BOOKMARK [1][-]{section.3}{\376\377\000S\000i\000m\000i\000l\000a\000r\000\040\000S\000y\000s\000t\000e\000m}{}% 18
\BOOKMARK [2][-]{subsection.3.1}{\376\377\000A\000c\000a\000d\000e\000m\000i\000c}{section.3}% 19
\BOOKMARK [3][-]{subsubsection.3.1.1}{\376\377\000S\000u\000m\000m\000a\000r\000y\000:}{subsection.3.1}% 20
\BOOKMARK [2][-]{subsection.3.2}{\376\377\000B\000u\000s\000i\000n\000e\000s\000s\000\040\000A\000p\000p\000l\000i\000c\000a\000t\000i\000o\000n\000s}{section.3}% 21
\BOOKMARK [3][-]{subsubsection.3.2.1}{\376\377\000S\000A\000M\000S}{subsection.3.2}% 22
\BOOKMARK [3][-]{subsubsection.3.2.2}{\376\377\000B\000e\000e\000S\000a\000g\000e}{subsection.3.2}% 23
\BOOKMARK [3][-]{subsubsection.3.2.3}{\376\377\000A\000p\000i\000a\000g\000o}{subsection.3.2}% 24
\BOOKMARK [3][-]{subsubsection.3.2.4}{\376\377\000H\000i\000v\000e\000G\000e\000n\000i\000e}{subsection.3.2}% 25
\BOOKMARK [1][-]{section.4}{\376\377\000W\000h\000a\000t\000\040\000i\000s\000\040\000n\000e\000w\000\040\000i\000n\000\040\000t\000h\000e\000\040\000P\000r\000o\000p\000o\000s\000e\000d\000\040\000P\000r\000o\000j\000e\000c\000t\000?}{}% 26
\BOOKMARK [1][-]{section.5}{\376\377\000P\000r\000o\000o\000f\000\040\000o\000f\000\040\000c\000o\000n\000c\000e\000p\000t}{}% 27
\BOOKMARK [2][-]{subsubsection.5.0.1}{\376\377\000I\000m\000a\000g\000e\000\040\000b\000a\000s\000e\000d\000\040\000i\000n\000s\000e\000c\000t\000\040\000c\000l\000a\000s\000s\000i\000f\000i\000c\000a\000t\000i\000o\000n}{section.5}% 28
\BOOKMARK [3][-]{subsubsection.5.0.2}{\376\377\000A\000u\000d\000i\000b\000l\000e\000\040\000b\000u\000z\000z\000\040\000d\000e\000t\000e\000c\000t\000i\000o\000n}{subsubsection.5.0.1}% 29
\BOOKMARK [2][-]{subsection.5.1}{\376\377\000T\000e\000m\000p\000e\000r\000a\000t\000u\000r\000e\000\040\000a\000n\000d\000\040\000H\000u\000m\000i\000d\000i\000t\000y\000\040\000F\000o\000r\000e\000c\000a\000s\000t\000i\000n\000g}{section.5}% 30
\BOOKMARK [1][-]{section.6}{\376\377\000P\000r\000o\000j\000e\000c\000t\000\040\000M\000a\000n\000a\000g\000e\000m\000e\000n\000t\000\040\000a\000n\000d\000\040\000D\000e\000l\000i\000v\000e\000r\000a\000b\000l\000e\000s}{}% 31
\BOOKMARK [2][-]{subsection.6.1}{\376\377\000D\000e\000l\000i\000v\000e\000r\000a\000b\000l\000e\000s}{section.6}% 32
\BOOKMARK [2][-]{subsection.6.2}{\376\377\000T\000a\000s\000k\000s\000\040\000a\000n\000d\000\040\000T\000i\000m\000e\000\040\000P\000l\000a\000n}{section.6}% 33
\BOOKMARK [2][-]{subsection.6.3}{\376\377\000B\000u\000d\000g\000e\000t\000\040\000a\000n\000d\000\040\000R\000e\000s\000o\000u\000r\000c\000e\000\040\000C\000o\000s\000t\000s}{section.6}% 34
\BOOKMARK [1][-]{section.7}{\376\377\000S\000u\000p\000p\000o\000r\000t\000i\000v\000e\000\040\000D\000o\000c\000u\000m\000e\000n\000t\000s}{}% 35
\BOOKMARK [2][-]{subsection.7.1}{\376\377\000D\000a\000t\000a\000s\000e\000t}{section.7}% 36
\BOOKMARK [3][-]{subsubsection.7.1.1}{\376\377\000I\000n\000s\000e\000c\000t\000\040\000C\000l\000a\000s\000s\000i\000f\000i\000c\000a\000t\000i\000o\000n}{subsection.7.1}% 37
\BOOKMARK [3][-]{subsubsection.7.1.2}{\376\377\000C\000a\000p\000p\000e\000d\000\040\000a\000n\000d\000\040\000U\000n\000c\000a\000p\000p\000e\000d\000\040\000S\000u\000p\000e\000r\000s}{subsection.7.1}% 38
\BOOKMARK [3][-]{subsubsection.7.1.3}{\376\377\000B\000u\000z\000z\000i\000n\000g\000\040\000S\000o\000u\000n\000d\000s}{subsection.7.1}% 39
\BOOKMARK [3][-]{subsubsection.7.1.4}{\376\377\000S\000e\000n\000s\000o\000r\000\040\000R\000e\000a\000d\000i\000n\000g\000s}{subsection.7.1}% 40
\BOOKMARK [2][-]{subsection.7.2}{\376\377\000C\000o\000n\000t\000a\000c\000t\000i\000n\000g\000\040\000B\000u\000s\000i\000n\000e\000s\000s\000e\000s}{section.7}% 41
